<?xml version="1.0" encoding="UTF-8"?>
<!-- Generated by org.testng.reporters.JUnitReportReporter -->
<testsuite hostname="DESKTOP-4TKG998" failures="0" tests="3" name="com.nopcommerce.tests.SearchPageTest" time="2.933" errors="0" timestamp="2022-02-17T21:29:05 CST" skipped="0">
  <testcase classname="com.nopcommerce.tests.SearchPageTest" name="verifySearchPageNameTest" time="0.489"/>
  <system-out/>
  <testcase classname="com.nopcommerce.tests.SearchPageTest" name="verifyManufactureDropdownListTest" time="1.765"/>
  <system-out/>
  <testcase classname="com.nopcommerce.tests.SearchPageTest" name="validateCategoryListTest" time="0.679"/>
  <system-out/>
</testsuite> <!-- com.nopcommerce.tests.SearchPageTest -->
