<?xml version="1.0" encoding="UTF-8"?>
<!-- Generated by org.testng.reporters.JUnitReportReporter -->
<testsuite hostname="DESKTOP-4TKG998" failures="0" tests="4" name="com.nopcommerce.tests.HomePageTest" time="0.386" errors="0" timestamp="2022-02-17T21:29:05 CST" skipped="0">
  <testcase classname="com.nopcommerce.tests.HomePageTest" name="validatePageTitleTest" time="0.098"/>
  <system-out/>
  <testcase classname="com.nopcommerce.tests.HomePageTest" name="verifyLogoTest" time="0.123"/>
  <system-out/>
  <testcase classname="com.nopcommerce.tests.HomePageTest" name="verifyRegisterLinkTest" time="0.080"/>
  <system-out/>
  <testcase classname="com.nopcommerce.tests.HomePageTest" name="verifyLoginLinkTest" time="0.085"/>
  <system-out/>
</testsuite> <!-- com.nopcommerce.tests.HomePageTest -->
